<?xml version="1.0" encoding="UTF-8"?>
<!-- Generated by org.testng.reporters.JUnitReportReporter -->
<testsuite hostname="D-113202999" failures="0" tests="1" name="Runner.testRunner" time="12.781" errors="0" timestamp="2020-07-26T17:15:20 IST" skipped="0">
  <testcase classname="Runner.testRunner" name="feature" time="12.781"/>
  <system-out/>
</testsuite> <!-- Runner.testRunner -->
